Added Component: Designator=C?(CAP: TANTAL-A)
Add component. Clean all parameters for all variants
Add component (AddParameter): Name = "HelpURL"; Value = "https://www.digikey.com/product-detail/en/avx-corporation/TAJA106K016RNJ/478-1655-1-ND/564687"; VariantName = "[No Variations]"
Add component (AddParameter): Name = "Impedance"; Value = "3Ohm"; VariantName = "[No Variations]"
Add component (AddParameter): Name = "Manufacturer"; Value = "AVX"; VariantName = "[No Variations]"
Add component (AddParameter): Name = "Package"; Value = "case A (3216)"; VariantName = "[No Variations]"
Add component (AddParameter): Name = "PartNumber"; Value = "TAJA106K016RNJ"; VariantName = "[No Variations]"
Add component (AddParameter): Name = "Temperature"; Value = "-55...+125°C"; VariantName = "[No Variations]"
Add component (AddParameter): Name = "Tolerance"; Value = "±10%"; VariantName = "[No Variations]"
Add component (AddParameter): Name = "TypeCapacitor"; Value = "Tantalum capacitor"; VariantName = "[No Variations]"
Add component (AddParameter): Name = "TypeDielectric"; Value = ""; VariantName = "[No Variations]"
Add component (AddParameter): Name = "Value"; Value = "10?F"; VariantName = "[No Variations]"
Add component (AddParameter): Name = "ValueManufacturerPartNumber"; Value = "Tantalum capacitor, 10?F, 16V, ±10%, 3Ohm, case A (3216), -55...+125°C"; VariantName = "[No Variations]"
Add component (AddParameter): Name = "Voltage"; Value = "16V"; VariantName = "[No Variations]"
Added Component: Designator=C?(CAP: 0603)
Add component. Clean all parameters for all variants
Add component (AddParameter): Name = "HelpURL"; Value = "https://www.digikey.com/product-detail/en/murata-electronics/GRM188R71C104KA01D/490-1532-2-ND/587060"; VariantName = "[No Variations]"
Add component (AddParameter): Name = "Manufacturer"; Value = "Murata Electronics"; VariantName = "[No Variations]"
Add component (AddParameter): Name = "Package"; Value = "0603"; VariantName = "[No Variations]"
Add component (AddParameter): Name = "PartNumber"; Value = "GRM188R71C104KA01D"; VariantName = "[No Variations]"
Add component (AddParameter): Name = "Temperature"; Value = "-55...+125°C"; VariantName = "[No Variations]"
Add component (AddParameter): Name = "Tolerance"; Value = "±10%"; VariantName = "[No Variations]"
Add component (AddParameter): Name = "TypeCapacitor"; Value = "Ceramic capacitor"; VariantName = "[No Variations]"
Add component (AddParameter): Name = "TypeDielectric"; Value = "X7R"; VariantName = "[No Variations]"
Add component (AddParameter): Name = "Value"; Value = "0.1?F"; VariantName = "[No Variations]"
Add component (AddParameter): Name = "ValueManufacturerPartNumber"; Value = "Ceramic capacitor, 0.1?F, X7R, ±10%, 16V, 0603, -55...+125°C"; VariantName = "[No Variations]"
Add component (AddParameter): Name = "Voltage"; Value = "16V"; VariantName = "[No Variations]"
Added Component: Designator=C?(CAP: 0603)
Add component. Clean all parameters for all variants
Add component (AddParameter): Name = "HelpURL"; Value = "https://www.digikey.com/product-detail/en/murata-electronics/GRM188R71C104KA01D/490-1532-2-ND/587060"; VariantName = "[No Variations]"
Add component (AddParameter): Name = "Manufacturer"; Value = "Murata Electronics"; VariantName = "[No Variations]"
Add component (AddParameter): Name = "Package"; Value = "0603"; VariantName = "[No Variations]"
Add component (AddParameter): Name = "PartNumber"; Value = "GRM188R71C104KA01D"; VariantName = "[No Variations]"
Add component (AddParameter): Name = "Temperature"; Value = "-55...+125°C"; VariantName = "[No Variations]"
Add component (AddParameter): Name = "Tolerance"; Value = "±10%"; VariantName = "[No Variations]"
Add component (AddParameter): Name = "TypeCapacitor"; Value = "Ceramic capacitor"; VariantName = "[No Variations]"
Add component (AddParameter): Name = "TypeDielectric"; Value = "X7R"; VariantName = "[No Variations]"
Add component (AddParameter): Name = "Value"; Value = "0.1?F"; VariantName = "[No Variations]"
Add component (AddParameter): Name = "ValueManufacturerPartNumber"; Value = "Ceramic capacitor, 0.1?F, X7R, ±10%, 16V, 0603, -55...+125°C"; VariantName = "[No Variations]"
Add component (AddParameter): Name = "Voltage"; Value = "16V"; VariantName = "[No Variations]"
Added Component: Designator=C?(CAP: 0603)
Add component. Clean all parameters for all variants
Add component (AddParameter): Name = "HelpURL"; Value = "https://www.digikey.com/product-detail/en/murata-electronics/GRM188R71C104KA01D/490-1532-2-ND/587060"; VariantName = "[No Variations]"
Add component (AddParameter): Name = "Manufacturer"; Value = "Murata Electronics"; VariantName = "[No Variations]"
Add component (AddParameter): Name = "Package"; Value = "0603"; VariantName = "[No Variations]"
Add component (AddParameter): Name = "PartNumber"; Value = "GRM188R71C104KA01D"; VariantName = "[No Variations]"
Add component (AddParameter): Name = "Temperature"; Value = "-55...+125°C"; VariantName = "[No Variations]"
Add component (AddParameter): Name = "Tolerance"; Value = "±10%"; VariantName = "[No Variations]"
Add component (AddParameter): Name = "TypeCapacitor"; Value = "Ceramic capacitor"; VariantName = "[No Variations]"
Add component (AddParameter): Name = "TypeDielectric"; Value = "X7R"; VariantName = "[No Variations]"
Add component (AddParameter): Name = "Value"; Value = "0.1?F"; VariantName = "[No Variations]"
Add component (AddParameter): Name = "ValueManufacturerPartNumber"; Value = "Ceramic capacitor, 0.1?F, X7R, ±10%, 16V, 0603, -55...+125°C"; VariantName = "[No Variations]"
Add component (AddParameter): Name = "Voltage"; Value = "16V"; VariantName = "[No Variations]"
Added Component: Designator=J?(2way_MP)
Add component. Clean all parameters for all variants
Add component (AddParameter): Name = "ComponentLink1Description"; Value = "Source"; VariantName = "[No Variations]"
Add component (AddParameter): Name = "ComponentLink1URL"; Value = "http://www.edatools.cz/addons"; VariantName = "[No Variations]"
Add component (AddParameter): Name = "FootprintNote"; Value = "LP=12mil, MP=40mil, HP=120mil"; VariantName = "[No Variations]"
Added Component: Designator=R?(RES: 0603)
Add component. Clean all parameters for all variants
Add component (AddParameter): Name = "HelpURL"; Value = "https://www.digikey.com/product-detail/en/yageo/RC0603FR-071KL/311-1-00KHRCT-ND/729790"; VariantName = "[No Variations]"
Add component (AddParameter): Name = "Manufacturer"; Value = "Yageo"; VariantName = "[No Variations]"
Add component (AddParameter): Name = "Package"; Value = "0603"; VariantName = "[No Variations]"
Add component (AddParameter): Name = "PartNumber"; Value = "RC0603JR-071ML"; VariantName = "[No Variations]"
Add component (AddParameter): Name = "Power"; Value = "0.1W"; VariantName = "[No Variations]"
Add component (AddParameter): Name = "Temperature"; Value = "-55...+155°C"; VariantName = "[No Variations]"
Add component (AddParameter): Name = "Tolerance"; Value = "±5%"; VariantName = "[No Variations]"
Add component (AddParameter): Name = "TypeResistor"; Value = "Resistor film"; VariantName = "[No Variations]"
Add component (AddParameter): Name = "Value"; Value = "1M"; VariantName = "[No Variations]"
Add component (AddParameter): Name = "ValueManufacturerPartNumber"; Value = "Resistor film, 1M, ±5%, 0603, 0.1W, -55...+155°C"; VariantName = "[No Variations]"
Added Pin To Net: NetName=3V3 Pin=C?-1
Added Pin To Net: NetName=3V3 Pin=C?-2
Added Pin To Net: NetName=3V3 Pin=C?-2
Added Pin To Net: NetName=3V3 Pin=C?-2
Added Pin To Net: NetName=3V3 Pin=D?-5
Added Pin To Net: NetName=GND Pin=J?-2
Added Pin To Net: NetName=NetR?_1 Pin=R?-1
Added Pin To Net: NetName=NetR?_1 Pin=VT?-2
Added Net: Name=NetR?_1
Added Pin To Net: NetName=ON/OFF Pin=R?-2
Added Pin To Net: NetName=ON/OFF Pin=VT?-1
Added Net: Name=ON/OFF
Added Pin To Net: NetName=PGND Pin=C?-1
Added Pin To Net: NetName=PGND Pin=C?-1
Added Pin To Net: NetName=PGND Pin=C?-1
Added Pin To Net: NetName=PGND Pin=C?-2
Added Pin To Net: NetName=PGND Pin=D?-2
Added Pin To Net: NetName=PGND Pin=J?-1
Added Net: Name=PGND
Added Pin To Net: NetName=VinLDO Pin=D?-1
Added Pin To Net: NetName=VinLDO Pin=D?-3
Added Pin To Net: NetName=VinLDO Pin=VT?-3
Added Net: Name=VinLDO
Added Member To Class: ClassName=Inclinometer Member=Component C? Ceramic capacitor, 0.1?F, X7R, ±10%, 16V, 0603, -55...+125°C
Added Member To Class: ClassName=Inclinometer Member=Component C? Ceramic capacitor, 0.1?F, X7R, ±10%, 16V, 0603, -55...+125°C
Added Member To Class: ClassName=Inclinometer Member=Component C? Tantalum capacitor, 10?F, 16V, ±10%, 3Ohm, case A (3216), -55...+125°C
Added Member To Class: ClassName=Inclinometer Member=Component C? Tantalum capacitor, 1?F, 35V, ±10%, 7.5Ohm, case A (3216), -55...+125°C
Added Member To Class: ClassName=Inclinometer Member=Component C? Ceramic capacitor, 0.01?F, X7R, ±10%, 50V, 0603, -55...+125°C
Added Member To Class: ClassName=Inclinometer Member=Component C? Ceramic capacitor, 0.1?F, X7R, ±10%, 16V, 0603, -55...+125°C
Added Member To Class: ClassName=Inclinometer Member=Component C? Ceramic capacitor, 0.1?F, X7R, ±10%, 16V, 0603, -55...+125°C
Added Member To Class: ClassName=Inclinometer Member=Component C? Ceramic capacitor, 0.1?F, X7R, ±10%, 16V, 0603, -55...+125°C
Added Member To Class: ClassName=Inclinometer Member=Component C? Ceramic capacitor, 0.1?F, X7R, ±10%, 16V, 0603, -55...+125°C
Added Member To Class: ClassName=Inclinometer Member=Component D? Linear voltage regulator, input 0...12V, 0.25V, output 3.3V, 150mA, -40...+85°C, TSOP-5
Added Member To Class: ClassName=Inclinometer Member=Component D? STM32F103C8T6
Added Member To Class: ClassName=Inclinometer Member=Component D? ADXL345
Added Member To Class: ClassName=Inclinometer Member=Component J? 2 way net tie junction
Added Member To Class: ClassName=Inclinometer Member=Component J? 2 way net tie junction
Added Member To Class: ClassName=Inclinometer Member=Component R? Resistor film, 1k, ±1%, 0603, 0.1W, -55...+155°C
Added Member To Class: ClassName=Inclinometer Member=Component R? Resistor film, 10k, ±1%, 0603, 0.1W, -55...+155°C
Added Member To Class: ClassName=Inclinometer Member=Component R? Resistor film, 1k, ±1%, 0603, 0.1W, -55...+155°C
Added Member To Class: ClassName=Inclinometer Member=Component R? Resistor film, 10k, ±1%, 0603, 0.1W, -55...+155°C
Added Member To Class: ClassName=Inclinometer Member=Component R? Resistor film, 1k, ±1%, 0603, 0.1W, -55...+155°C
Added Member To Class: ClassName=Inclinometer Member=Component R? Resistor film, 1M, ±5%, 0603, 0.1W, -55...+155°C
Added Member To Class: ClassName=Inclinometer Member=Component R? Resistor film, 10k, ±1%, 0603, 0.1W, -55...+155°C
Added Member To Class: ClassName=Inclinometer Member=Component R? Resistor film, 1k, ±1%, 0603, 0.1W, -55...+155°C
Added Member To Class: ClassName=Inclinometer Member=Component SB? Tactile button, 6x6mm
Added Member To Class: ClassName=Inclinometer Member=Component SB? Tactile button, 6x6mm
Added Member To Class: ClassName=Inclinometer Member=Component SB? Tactile button, 6x6mm
Added Room: Name=Inclinometer
