Added Component: Designator=C10(CAP: 0603)
Add component. Clean all parameters for all variants
Add component (AddParameter): Name = "HelpURL"; Value = "https://www.digikey.com/product-detail/en/avx-corporation/TAJA106K016RNJ/478-1655-1-ND/564687"; VariantName = "[No Variations]"
Add component (AddParameter): Name = "Impedance"; Value = "3Ohm"; VariantName = "[No Variations]"
Add component (AddParameter): Name = "Manufacturer"; Value = "AVX"; VariantName = "[No Variations]"
Add component (AddParameter): Name = "Package"; Value = "case A (3216)"; VariantName = "[No Variations]"
Add component (AddParameter): Name = "PartNumber"; Value = "TAJA106K016RNJ"; VariantName = "[No Variations]"
Add component (AddParameter): Name = "Temperature"; Value = "-55...+125°C"; VariantName = "[No Variations]"
Add component (AddParameter): Name = "Tolerance"; Value = "±10%"; VariantName = "[No Variations]"
Add component (AddParameter): Name = "TypeCapacitor"; Value = "Tantalum capacitor"; VariantName = "[No Variations]"
Add component (AddParameter): Name = "TypeDielectric"; Value = ""; VariantName = "[No Variations]"
Add component (AddParameter): Name = "Value"; Value = "10?F"; VariantName = "[No Variations]"
Add component (AddParameter): Name = "ValueManufacturerPartNumber"; Value = "Tantalum capacitor, 10?F, 16V, ±10%, 3Ohm, case A (3216), -55...+125°C"; VariantName = "[No Variations]"
Add component (AddParameter): Name = "Voltage"; Value = "16V"; VariantName = "[No Variations]"
Added Component: Designator=C11(CAP: 0603)
Add component. Clean all parameters for all variants
Add component (AddParameter): Name = "HelpURL"; Value = "https://www.digikey.com/product-detail/en/murata-electronics/GRM188R71C104KA01D/490-1532-2-ND/587060"; VariantName = "[No Variations]"
Add component (AddParameter): Name = "Manufacturer"; Value = "Murata Electronics"; VariantName = "[No Variations]"
Add component (AddParameter): Name = "Package"; Value = "0603"; VariantName = "[No Variations]"
Add component (AddParameter): Name = "PartNumber"; Value = "GRM188R71C104KA01D"; VariantName = "[No Variations]"
Add component (AddParameter): Name = "Temperature"; Value = "-55...+125°C"; VariantName = "[No Variations]"
Add component (AddParameter): Name = "Tolerance"; Value = "±10%"; VariantName = "[No Variations]"
Add component (AddParameter): Name = "TypeCapacitor"; Value = "Ceramic capacitor"; VariantName = "[No Variations]"
Add component (AddParameter): Name = "TypeDielectric"; Value = "X7R"; VariantName = "[No Variations]"
Add component (AddParameter): Name = "Value"; Value = "0.1?F"; VariantName = "[No Variations]"
Add component (AddParameter): Name = "ValueManufacturerPartNumber"; Value = "Ceramic capacitor, 0.1?F, X7R, ±10%, 16V, 0603, -55...+125°C"; VariantName = "[No Variations]"
Add component (AddParameter): Name = "Voltage"; Value = "16V"; VariantName = "[No Variations]"
Added Component: Designator=C12(CAP: 0603)
Add component. Clean all parameters for all variants
Add component (AddParameter): Name = "HelpURL"; Value = "https://www.digikey.com/product-detail/en/avx-corporation/TAJA106K016RNJ/478-1655-1-ND/564687"; VariantName = "[No Variations]"
Add component (AddParameter): Name = "Impedance"; Value = "3Ohm"; VariantName = "[No Variations]"
Add component (AddParameter): Name = "Manufacturer"; Value = "AVX"; VariantName = "[No Variations]"
Add component (AddParameter): Name = "Package"; Value = "case A (3216)"; VariantName = "[No Variations]"
Add component (AddParameter): Name = "PartNumber"; Value = "TAJA106K016RNJ"; VariantName = "[No Variations]"
Add component (AddParameter): Name = "Temperature"; Value = "-55...+125°C"; VariantName = "[No Variations]"
Add component (AddParameter): Name = "Tolerance"; Value = "±10%"; VariantName = "[No Variations]"
Add component (AddParameter): Name = "TypeCapacitor"; Value = "Tantalum capacitor"; VariantName = "[No Variations]"
Add component (AddParameter): Name = "TypeDielectric"; Value = ""; VariantName = "[No Variations]"
Add component (AddParameter): Name = "Value"; Value = "10?F"; VariantName = "[No Variations]"
Add component (AddParameter): Name = "ValueManufacturerPartNumber"; Value = "Tantalum capacitor, 10?F, 16V, ±10%, 3Ohm, case A (3216), -55...+125°C"; VariantName = "[No Variations]"
Add component (AddParameter): Name = "Voltage"; Value = "16V"; VariantName = "[No Variations]"
Added Component: Designator=C13(CAP: 0603)
Add component. Clean all parameters for all variants
Add component (AddParameter): Name = "HelpURL"; Value = "https://www.digikey.com/product-detail/en/murata-electronics/GRM188R71C104KA01D/490-1532-2-ND/587060"; VariantName = "[No Variations]"
Add component (AddParameter): Name = "Manufacturer"; Value = "Murata Electronics"; VariantName = "[No Variations]"
Add component (AddParameter): Name = "Package"; Value = "0603"; VariantName = "[No Variations]"
Add component (AddParameter): Name = "PartNumber"; Value = "GRM188R71C104KA01D"; VariantName = "[No Variations]"
Add component (AddParameter): Name = "Temperature"; Value = "-55...+125°C"; VariantName = "[No Variations]"
Add component (AddParameter): Name = "Tolerance"; Value = "±10%"; VariantName = "[No Variations]"
Add component (AddParameter): Name = "TypeCapacitor"; Value = "Ceramic capacitor"; VariantName = "[No Variations]"
Add component (AddParameter): Name = "TypeDielectric"; Value = "X7R"; VariantName = "[No Variations]"
Add component (AddParameter): Name = "Value"; Value = "0.1?F"; VariantName = "[No Variations]"
Add component (AddParameter): Name = "ValueManufacturerPartNumber"; Value = "Ceramic capacitor, 0.1?F, X7R, ±10%, 16V, 0603, -55...+125°C"; VariantName = "[No Variations]"
Add component (AddParameter): Name = "Voltage"; Value = "16V"; VariantName = "[No Variations]"
Added Component: Designator=H1(ST7735 DISPLAY)
Add component. Clean all parameters for all variants
Add component (AddParameter): Name = "Help URL"; Value = "https://pdf1.alldatasheetru.com/datasheet-pdf/view/326213/SITRONIX/ST7735.html"; VariantName = "[No Variations]"
Add component (AddParameter): Name = "Manufacture"; Value = "Sitronix"; VariantName = "[No Variations]"
Add component (AddParameter): Name = "Model"; Value = "ST7735 (GMT177-01)"; VariantName = "[No Variations]"
Added Component: Designator=X3(CON: PLS-8)
Add component. Clean all parameters for all variants
Add component (AddParameter): Name = "CommentText"; Value = ""Ðàçúåì""; VariantName = "[No Variations]"
Add component (AddParameter): Name = "CurrentMax"; Value = "3A"; VariantName = "[No Variations]"
Add component (AddParameter): Name = "HelpURL"; Value = "https://www.chipdip.ru/product/pls-8-ds1021-1-8sf112"; VariantName = "[No Variations]"
Add component (AddParameter): Name = "Manufacturer"; Value = "Connfly"; VariantName = "[No Variations]"
Add component (AddParameter): Name = "Multichannel"; Value = "8pin"; VariantName = "[No Variations]"
Add component (AddParameter): Name = "PartNumber"; Value = "PLS-8"; VariantName = "[No Variations]"
Add component (AddParameter): Name = "Pitch"; Value = "2.54mm"; VariantName = "[No Variations]"
Add component (AddParameter): Name = "TypeConnector"; Value = "Connector"; VariantName = "[No Variations]"
Add component (AddParameter): Name = "ValueManufacturerPartNumber"; Value = "Connector, 8pin, 2.54mm, 500VAC, 3A"; VariantName = "[No Variations]"
Add component (AddParameter): Name = "VoltageMax"; Value = "500VAC"; VariantName = "[No Variations]"
Added Pin To Net: NetName=3V3 LCD Pin=C10-2
Added Pin To Net: NetName=3V3 LCD Pin=C11-2
Added Pin To Net: NetName=3V3 LCD Pin=H1-10
Added Pin To Net: NetName=3V3 LCD Pin=H1-10
Added Pin To Net: NetName=3V3 LCD Pin=H1-11
Added Pin To Net: NetName=3V3 LCD Pin=H1-11
Added Pin To Net: NetName=3V3 LCD Pin=X3-8
Added Net: Name=3V3 LCD
Added Pin To Net: NetName=GND LCD Pin=C10-2
Added Pin To Net: NetName=GND LCD Pin=C11-1
Added Pin To Net: NetName=GND LCD Pin=C12-2
Added Pin To Net: NetName=GND LCD Pin=C13-1
Added Pin To Net: NetName=GND LCD Pin=H1-2
Added Pin To Net: NetName=GND LCD Pin=H1-2
Added Pin To Net: NetName=GND LCD Pin=H1-3
Added Pin To Net: NetName=GND LCD Pin=H1-3
Added Pin To Net: NetName=GND LCD Pin=H1-5
Added Pin To Net: NetName=GND LCD Pin=H1-5
Added Pin To Net: NetName=GND LCD Pin=H1-13
Added Pin To Net: NetName=GND LCD Pin=H1-13
Added Pin To Net: NetName=GND LCD Pin=X3-7
Added Net: Name=GND LCD
Added Pin To Net: NetName=LCD Brightness Pin=C12-2
Added Pin To Net: NetName=LCD Brightness Pin=C13-2
Added Pin To Net: NetName=LCD Brightness Pin=H1-4
Added Pin To Net: NetName=LCD Brightness Pin=H1-4
Added Pin To Net: NetName=LCD Brightness Pin=X3-2
Added Net: Name=LCD Brightness
Added Pin To Net: NetName=NetH1_6 Pin=H1-6
Added Pin To Net: NetName=NetH1_6 Pin=H1-6
Added Pin To Net: NetName=NetH1_6 Pin=X3-3
Added Net: Name=NetH1_6
Added Pin To Net: NetName=NetH1_7 Pin=H1-7
Added Pin To Net: NetName=NetH1_7 Pin=H1-7
Added Pin To Net: NetName=NetH1_7 Pin=X3-1
Added Net: Name=NetH1_7
Added Pin To Net: NetName=NetH1_8 Pin=H1-8
Added Pin To Net: NetName=NetH1_8 Pin=H1-8
Added Pin To Net: NetName=NetH1_8 Pin=X3-6
Added Net: Name=NetH1_8
Added Pin To Net: NetName=NetH1_9 Pin=H1-9
Added Pin To Net: NetName=NetH1_9 Pin=H1-9
Added Pin To Net: NetName=NetH1_9 Pin=X3-5
Added Net: Name=NetH1_9
Added Pin To Net: NetName=NetH1_12 Pin=H1-12
Added Pin To Net: NetName=NetH1_12 Pin=H1-12
Added Pin To Net: NetName=NetH1_12 Pin=X3-4
Added Net: Name=NetH1_12
Added Class: Name=InclinometerDisplay
Added Room: Name=InclinometerDisplay
