Added Pin To Net: NetName=GND LCD Pin=C10-1
Added Pin To Net: NetName=3V3 LCD Pin=C10-2
Added Pin To Net: NetName=GND LCD Pin=C11-1
Added Pin To Net: NetName=LCD Brightness Pin=C11-2
Added Pin To Net: NetName=LCD Brightness Pin=C12-1
Added Pin To Net: NetName=GND LCD Pin=C12-2
Added Pin To Net: NetName=GND LCD Pin=H1-3
Added Pin To Net: NetName=GND LCD Pin=H1-3
Added Pin To Net: NetName=LCD Brightness Pin=H1-4
Added Pin To Net: NetName=LCD Brightness Pin=H1-4
Added Pin To Net: NetName=GND LCD Pin=H1-5
Added Pin To Net: NetName=GND LCD Pin=H1-5
Added Pin To Net: NetName=NetH1_6 Pin=H1-6
Added Pin To Net: NetName=NetH1_6 Pin=H1-6
Added Pin To Net: NetName=NetH1_7 Pin=H1-7
Added Pin To Net: NetName=NetH1_7 Pin=H1-7
Added Pin To Net: NetName=NetH1_8 Pin=H1-8
Added Pin To Net: NetName=NetH1_8 Pin=H1-8
Added Pin To Net: NetName=NetH1_9 Pin=H1-9
Added Pin To Net: NetName=NetH1_9 Pin=H1-9
Added Pin To Net: NetName=3V3 LCD Pin=H1-10
Added Pin To Net: NetName=3V3 LCD Pin=H1-10
Added Pin To Net: NetName=3V3 LCD Pin=H1-11
Added Pin To Net: NetName=3V3 LCD Pin=H1-11
Added Pin To Net: NetName=NetH1_12 Pin=H1-12
Added Pin To Net: NetName=NetH1_12 Pin=H1-12
Added Pin To Net: NetName=GND LCD Pin=H1-13
Added Pin To Net: NetName=GND LCD Pin=H1-13
Added Pin To Net: NetName=NetH1_7 Pin=X3-1
Added Pin To Net: NetName=LCD Brightness Pin=X3-2
Added Pin To Net: NetName=NetH1_6 Pin=X3-3
Added Pin To Net: NetName=NetH1_12 Pin=X3-4
Added Pin To Net: NetName=NetH1_9 Pin=X3-5
Added Pin To Net: NetName=NetH1_8 Pin=X3-6
Added Pin To Net: NetName=GND LCD Pin=X3-7
Added Pin To Net: NetName=3V3 LCD Pin=X3-8
Added Member To Class: ClassName=InclinometerDisplay Member=Component C10 Ceramic capacitor, 0.1?F, X7R, ±10%, 16V, 0603, -55...+125°C
Added Member To Class: ClassName=InclinometerDisplay Member=Component C11 Ceramic capacitor, 0.1?F, X7R, ±10%, 16V, 0603, -55...+125°C
Added Member To Class: ClassName=InclinometerDisplay Member=Component C12 Tantalum capacitor, 1?F, 35V, ±10%, 7.5Ohm, case A (3216), -55...+125°C
Added Member To Class: ClassName=InclinometerPower Member=Component C18 Ceramic capacitor, 0.1?F, X7R, ±10%, 16V, 0603, -55...+125°C
Added Member To Class: ClassName=InclinometerDisplay Member=Component H1 ST7735 (GMT177-01)
Added Member To Class: ClassName=InclinometerDisplay Member=Component X3 Connector, 8pin, 2.54mm, 500VAC, 3A
Added Room: Name=InclinometerDisplay
Added Room: Name=InclinometerMain
Added Room: Name=InclinometerPower
